[debug] [2022-11-10T17:01:41.254Z] ----------------------------------------------------------------------
[debug] [2022-11-10T17:01:41.257Z] Command:       C:\Program Files\nodejs\node.exe C:\Users\User\AppData\Roaming\npm\node_modules\firebase-tools\lib\bin\firebase.js init
[debug] [2022-11-10T17:01:41.258Z] CLI Version:   11.15.0
[debug] [2022-11-10T17:01:41.258Z] Platform:      win32
[debug] [2022-11-10T17:01:41.258Z] Node Version:  v16.18.0
[debug] [2022-11-10T17:01:41.259Z] Time:          Thu Nov 10 2022 09:01:41 GMT-0800 (Pacific Standard Time)
[debug] [2022-11-10T17:01:41.260Z] ----------------------------------------------------------------------
[debug] 
[debug] [2022-11-10T17:01:41.365Z] > command requires scopes: ["email","openid","https://www.googleapis.com/auth/cloudplatformprojects.readonly","https://www.googleapis.com/auth/firebase","https://www.googleapis.com/auth/cloud-platform"]
[debug] [2022-11-10T17:01:41.366Z] > authorizing via signed-in user (farjanaanika2@gmail.com)
[info] 
     ######## #### ########  ######## ########     ###     ######  ########
     ##        ##  ##     ## ##       ##     ##  ##   ##  ##       ##
     ######    ##  ########  ######   ########  #########  ######  ######
     ##        ##  ##    ##  ##       ##     ## ##     ##       ## ##
     ##       #### ##     ## ######## ########  ##     ##  ######  ########

You're about to initialize a Firebase project in this directory:

  C:\projects\Cleaning-service-client

Before we get started, keep in mind:

  * You are currently outside your home directory
  * You are initializing within an existing Firebase project directory

[info] 
=== Project Setup
[info] 
[info] First, let's associate this project directory with a Firebase project.
[info] You can create multiple project aliases by running firebase use --add, 
[info] but for now we'll just set up a default project.
[info] 
[debug] [2022-11-10T17:02:09.081Z] Using project from CLI flag: cleanerservice-36bef
[debug] [2022-11-10T17:02:09.089Z] >>> [apiv2][query] GET https://firebase.googleapis.com/v1beta1/projects/cleanerservice-36bef [none]
[debug] [2022-11-10T17:02:10.500Z] <<< [apiv2][status] GET https://firebase.googleapis.com/v1beta1/projects/cleanerservice-36bef 403
[debug] [2022-11-10T17:02:10.500Z] <<< [apiv2][body] GET https://firebase.googleapis.com/v1beta1/projects/cleanerservice-36bef {"error":{"code":403,"message":"The caller does not have permission","status":"PERMISSION_DENIED"}}
[debug] [2022-11-10T17:02:10.502Z] HTTP Error: 403, The caller does not have permission
[debug] [2022-11-10T17:02:10.754Z] FirebaseError: HTTP Error: 403, The caller does not have permission
    at responseToError (C:\Users\User\AppData\Roaming\npm\node_modules\firebase-tools\lib\responseToError.js:49:12)
    at RetryOperation._fn (C:\Users\User\AppData\Roaming\npm\node_modules\firebase-tools\lib\apiv2.js:288:77)
    at processTicksAndRejections (node:internal/process/task_queues:96:5)
[error] 
[error] Error: Failed to get Firebase project cleanerservice-36bef. Please make sure the project exists and your account has permission to access it.
